# JRE version: OpenJDK Runtime Environment (7.0_121) (build 1.7.0_121-b00)
# Java VM: OpenJDK 64-Bit Server VM (24.121-b00 mixed mode linux-amd64 compressed oops)
Heap
 PSYoungGen      total 109568K, used 89101K [0x000000075a600000, 0x0000000763680000, 0x0000000800000000)
  eden space 104960K, 80% used [0x000000075a600000,0x000000075f8fc8d0,0x0000000760c80000)
  from space 4608K, 89% used [0x0000000760e80000,0x0000000761286be8,0x0000000761300000)
  to   space 21504K, 0% used [0x0000000762180000,0x0000000762180000,0x0000000763680000)
 ParOldGen       total 338944K, used 10788K [0x000000060f200000, 0x0000000623d00000, 0x000000075a600000)
  object space 338944K, 3% used [0x000000060f200000,0x000000060fc890e0,0x0000000623d00000)
 PSPermGen       total 21504K, used 11278K [0x0000000604c00000, 0x0000000606100000, 0x000000060f200000)
  object space 21504K, 52% used [0x0000000604c00000,0x00000006057038f8,0x0000000606100000)
GC Heap History (10 events):
Event: 44.656 GC heap before
{Heap before GC invocations=9 (full 0):
 PSYoungGen      total 137216K, used 117935K [0x000000075a600000, 0x0000000764300000, 0x0000000800000000)
  eden space 116736K, 98% used [0x000000075a600000,0x00000007616977d0,0x0000000761800000)
  from space 20480K, 12% used [0x0000000762f00000,0x0000000763194778,0x0000000764300000)
  to   space 22016K, 0% used [0x0000000761800000,0x0000000761800000,0x0000000762d80000)
 ParOldGen       total 338944K, used 10748K [0x000000060f200000, 0x0000000623d00000, 0x000000075a600000)
  object space 338944K, 3% used [0x000000060f200000,0x000000060fc7f0e0,0x0000000623d00000)
 PSPermGen       total 21504K, used 11242K [0x0000000604c00000, 0x0000000606100000, 0x000000060f200000)
  object space 21504K, 52% used [0x0000000604c00000,0x00000006056fa960,0x0000000606100000)
Event: 44.657 GC heap after
Heap after GC invocations=9 (full 0):
 PSYoungGen      total 117248K, used 2686K [0x000000075a600000, 0x0000000764080000, 0x0000000800000000)
  eden space 114176K, 0% used [0x000000075a600000,0x000000075a600000,0x0000000761580000)
  from space 3072K, 87% used [0x0000000761800000,0x0000000761a9f8f0,0x0000000761b00000)
  to   space 22016K, 0% used [0x0000000762b00000,0x0000000762b00000,0x0000000764080000)
 ParOldGen       total 338944K, used 10756K [0x000000060f200000, 0x0000000623d00000, 0x000000075a600000)
  object space 338944K, 3% used [0x000000060f200000,0x000000060fc810e0,0x0000000623d00000)
 PSPermGen       total 21504K, used 11242K [0x0000000604c00000, 0x0000000606100000, 0x000000060f200000)
  object space 21504K, 52% used [0x0000000604c00000,0x00000006056fa960,0x0000000606100000)
}
Event: 47.171 GC heap before
{Heap before GC invocations=10 (full 0):
 PSYoungGen      total 117248K, used 115176K [0x000000075a600000, 0x0000000764080000, 0x0000000800000000)
  eden space 114176K, 98% used [0x000000075a600000,0x00000007613da710,0x0000000761580000)
  from space 3072K, 87% used [0x0000000761800000,0x0000000761a9f8f0,0x0000000761b00000)
  to   space 22016K, 0% used [0x0000000762b00000,0x0000000762b00000,0x0000000764080000)
 ParOldGen       total 338944K, used 10756K [0x000000060f200000, 0x0000000623d00000, 0x000000075a600000)
  object space 338944K, 3% used [0x000000060f200000,0x000000060fc810e0,0x0000000623d00000)
 PSPermGen       total 21504K, used 11257K [0x0000000604c00000, 0x0000000606100000, 0x000000060f200000)
  object space 21504K, 52% used [0x0000000604c00000,0x00000006056fe718,0x0000000606100000)
Event: 47.172 GC heap after
Heap after GC invocations=10 (full 0):
 PSYoungGen      total 132096K, used 2665K [0x000000075a600000, 0x0000000763f00000, 0x0000000800000000)
  eden space 111616K, 0% used [0x000000075a600000,0x000000075a600000,0x0000000761300000)
  from space 20480K, 13% used [0x0000000762b00000,0x0000000762d9a560,0x0000000763f00000)
  to   space 22528K, 0% used [0x0000000761300000,0x0000000761300000,0x0000000762900000)
 ParOldGen       total 338944K, used 10764K [0x000000060f200000, 0x0000000623d00000, 0x000000075a600000)
  object space 338944K, 3% used [0x000000060f200000,0x000000060fc830e0,0x0000000623d00000)
 PSPermGen       total 21504K, used 11257K [0x0000000604c00000, 0x0000000606100000, 0x000000060f200000)
  object space 21504K, 52% used [0x0000000604c00000,0x00000006056fe718,0x0000000606100000)
}
Event: 49.661 GC heap before
{Heap before GC invocations=11 (full 0):
 PSYoungGen      total 132096K, used 113366K [0x000000075a600000, 0x0000000763f00000, 0x0000000800000000)
  eden space 111616K, 99% used [0x000000075a600000,0x000000076121b338,0x0000000761300000)
  from space 20480K, 13% used [0x0000000762b00000,0x0000000762d9a560,0x0000000763f00000)
  to   space 22528K, 0% used [0x0000000761300000,0x0000000761300000,0x0000000762900000)
 ParOldGen       total 338944K, used 10764K [0x000000060f200000, 0x0000000623d00000, 0x000000075a600000)
  object space 338944K, 3% used [0x000000060f200000,0x000000060fc830e0,0x0000000623d00000)
 PSPermGen       total 21504K, used 11263K [0x0000000604c00000, 0x0000000606100000, 0x000000060f200000)
  object space 21504K, 52% used [0x0000000604c00000,0x00000006056ffcb0,0x0000000606100000)
Event: 49.662 GC heap after
Heap after GC invocations=11 (full 0):
 PSYoungGen      total 112128K, used 2708K [0x000000075a600000, 0x0000000763b80000, 0x0000000800000000)
  eden space 109056K, 0% used [0x000000075a600000,0x000000075a600000,0x0000000761080000)
  from space 3072K, 88% used [0x0000000761300000,0x00000007615a51d0,0x0000000761600000)
  to   space 22016K, 0% used [0x0000000762600000,0x0000000762600000,0x0000000763b80000)
 ParOldGen       total 338944K, used 10780K [0x000000060f200000, 0x0000000623d00000, 0x000000075a600000)
  object space 338944K, 3% used [0x000000060f200000,0x000000060fc870e0,0x0000000623d00000)
 PSPermGen       total 21504K, used 11263K [0x0000000604c00000, 0x0000000606100000, 0x000000060f200000)
  object space 21504K, 52% used [0x0000000604c00000,0x00000006056ffcb0,0x0000000606100000)
}
Event: 52.154 GC heap before
{Heap before GC invocations=12 (full 0):
 PSYoungGen      total 112128K, used 111764K [0x000000075a600000, 0x0000000763b80000, 0x0000000800000000)
  eden space 109056K, 100% used [0x000000075a600000,0x0000000761080000,0x0000000761080000)
  from space 3072K, 88% used [0x0000000761300000,0x00000007615a51d0,0x0000000761600000)
  to   space 22016K, 0% used [0x0000000762600000,0x0000000762600000,0x0000000763b80000)
 ParOldGen       total 338944K, used 10780K [0x000000060f200000, 0x0000000623d00000, 0x000000075a600000)
  object space 338944K, 3% used [0x000000060f200000,0x000000060fc870e0,0x0000000623d00000)
 PSPermGen       total 21504K, used 11263K [0x0000000604c00000, 0x0000000606100000, 0x000000060f200000)
  object space 21504K, 52% used [0x0000000604c00000,0x00000006056ffe60,0x0000000606100000)
Event: 52.156 GC heap after
Heap after GC invocations=12 (full 0):
 PSYoungGen      total 128000K, used 350K [0x000000075a600000, 0x0000000763a80000, 0x0000000800000000)
  eden space 107008K, 0% used [0x000000075a600000,0x000000075a600000,0x0000000760e80000)
  from space 20992K, 1% used [0x0000000762600000,0x0000000762657848,0x0000000763a80000)
  to   space 22528K, 0% used [0x0000000760e80000,0x0000000760e80000,0x0000000762480000)
 ParOldGen       total 338944K, used 10788K [0x000000060f200000, 0x0000000623d00000, 0x000000075a600000)
  object space 338944K, 3% used [0x000000060f200000,0x000000060fc890e0,0x0000000623d00000)
 PSPermGen       total 21504K, used 11263K [0x0000000604c00000, 0x0000000606100000, 0x000000060f200000)
  object space 21504K, 52% used [0x0000000604c00000,0x00000006056ffe60,0x0000000606100000)
}
Event: 54.495 GC heap before
{Heap before GC invocations=13 (full 0):
 PSYoungGen      total 128000K, used 107358K [0x000000075a600000, 0x0000000763a80000, 0x0000000800000000)
  eden space 107008K, 100% used [0x000000075a600000,0x0000000760e80000,0x0000000760e80000)
  from space 20992K, 1% used [0x0000000762600000,0x0000000762657848,0x0000000763a80000)
  to   space 22528K, 0% used [0x0000000760e80000,0x0000000760e80000,0x0000000762480000)
 ParOldGen       total 338944K, used 10788K [0x000000060f200000, 0x0000000623d00000, 0x000000075a600000)
  object space 338944K, 3% used [0x000000060f200000,0x000000060fc890e0,0x0000000623d00000)
 PSPermGen       total 21504K, used 11264K [0x0000000604c00000, 0x0000000606100000, 0x000000060f200000)
  object space 21504K, 52% used [0x0000000604c00000,0x00000006057003b0,0x0000000606100000)
Event: 54.496 GC heap after
Heap after GC invocations=13 (full 0):
 PSYoungGen      total 109568K, used 4122K [0x000000075a600000, 0x0000000763680000, 0x0000000800000000)
  eden space 104960K, 0% used [0x000000075a600000,0x000000075a600000,0x0000000760c80000)
  from space 4608K, 89% used [0x0000000760e80000,0x0000000761286be8,0x0000000761300000)
  to   space 21504K, 0% used [0x0000000762180000,0x0000000762180000,0x0000000763680000)
 ParOldGen       total 338944K, used 10788K [0x000000060f200000, 0x0000000623d00000, 0x000000075a600000)
  object space 338944K, 3% used [0x000000060f200000,0x000000060fc890e0,0x0000000623d00000)
 PSPermGen       total 21504K, used 11264K [0x0000000604c00000, 0x0000000606100000, 0x000000060f200000)
  object space 21504K, 52% used [0x0000000604c00000,0x00000006057003b0,0x0000000606100000)
}

