# JRE version: OpenJDK Runtime Environment (7.0_121) (build 1.7.0_121-b00)
# Java VM: OpenJDK 64-Bit Server VM (24.121-b00 mixed mode linux-amd64 compressed oops)
Heap
 PSYoungGen      total 78848K, used 17309K [0x000000075a600000, 0x0000000760280000, 0x0000000800000000)
  eden space 65024K, 11% used [0x000000075a600000,0x000000075ad9b578,0x000000075e580000)
  from space 13824K, 68% used [0x000000075f500000,0x000000075fe4bf98,0x0000000760280000)
  to   space 14848K, 0% used [0x000000075e580000,0x000000075e580000,0x000000075f400000)
 ParOldGen       total 338944K, used 30112K [0x000000060f200000, 0x0000000623d00000, 0x000000075a600000)
  object space 338944K, 8% used [0x000000060f200000,0x0000000610f68130,0x0000000623d00000)
 PSPermGen       total 21504K, used 11419K [0x0000000604c00000, 0x0000000606100000, 0x000000060f200000)
  object space 21504K, 53% used [0x0000000604c00000,0x0000000605726d78,0x0000000606100000)
GC Heap History (10 events):
Event: 197.696 GC heap before
{Heap before GC invocations=38 (full 0):
 PSYoungGen      total 81408K, used 81361K [0x000000075a600000, 0x0000000760880000, 0x0000000800000000)
  eden space 70144K, 99% used [0x000000075a600000,0x000000075ea75cd0,0x000000075ea80000)
  from space 11264K, 99% used [0x000000075eb80000,0x000000075f67e910,0x000000075f680000)
  to   space 15360K, 0% used [0x000000075f980000,0x000000075f980000,0x0000000760880000)
 ParOldGen       total 338944K, used 25304K [0x000000060f200000, 0x0000000623d00000, 0x000000075a600000)
  object space 338944K, 7% used [0x000000060f200000,0x0000000610ab6118,0x0000000623d00000)
 PSPermGen       total 21504K, used 11417K [0x0000000604c00000, 0x0000000606100000, 0x000000060f200000)
  object space 21504K, 53% used [0x0000000604c00000,0x0000000605726478,0x0000000606100000)
Event: 197.699 GC heap after
Heap after GC invocations=38 (full 0):
 PSYoungGen      total 83456K, used 6398K [0x000000075a600000, 0x0000000760780000, 0x0000000800000000)
  eden space 69120K, 0% used [0x000000075a600000,0x000000075a600000,0x000000075e980000)
  from space 14336K, 44% used [0x000000075f980000,0x000000075ffbfb88,0x0000000760780000)
  to   space 15360K, 0% used [0x000000075e980000,0x000000075e980000,0x000000075f880000)
 ParOldGen       total 338944K, used 25304K [0x000000060f200000, 0x0000000623d00000, 0x000000075a600000)
  object space 338944K, 7% used [0x000000060f200000,0x0000000610ab6118,0x0000000623d00000)
 PSPermGen       total 21504K, used 11417K [0x0000000604c00000, 0x0000000606100000, 0x000000060f200000)
  object space 21504K, 53% used [0x0000000604c00000,0x0000000605726478,0x0000000606100000)
}
Event: 201.102 GC heap before
{Heap before GC invocations=39 (full 0):
 PSYoungGen      total 83456K, used 72860K [0x000000075a600000, 0x0000000760780000, 0x0000000800000000)
  eden space 69120K, 96% used [0x000000075a600000,0x000000075e6e7608,0x000000075e980000)
  from space 14336K, 44% used [0x000000075f980000,0x000000075ffbfb88,0x0000000760780000)
  to   space 15360K, 0% used [0x000000075e980000,0x000000075e980000,0x000000075f880000)
 ParOldGen       total 338944K, used 25304K [0x000000060f200000, 0x0000000623d00000, 0x000000075a600000)
  object space 338944K, 7% used [0x000000060f200000,0x0000000610ab6118,0x0000000623d00000)
 PSPermGen       total 21504K, used 11417K [0x0000000604c00000, 0x0000000606100000, 0x000000060f200000)
  object space 21504K, 53% used [0x0000000604c00000,0x0000000605726580,0x0000000606100000)
Event: 201.105 GC heap after
Heap after GC invocations=39 (full 0):
 PSYoungGen      total 77312K, used 8722K [0x000000075a600000, 0x0000000760480000, 0x0000000800000000)
  eden space 68096K, 0% used [0x000000075a600000,0x000000075a600000,0x000000075e880000)
  from space 9216K, 94% used [0x000000075e980000,0x000000075f204b18,0x000000075f280000)
  to   space 14336K, 0% used [0x000000075f680000,0x000000075f680000,0x0000000760480000)
 ParOldGen       total 338944K, used 25312K [0x000000060f200000, 0x0000000623d00000, 0x000000075a600000)
  object space 338944K, 7% used [0x000000060f200000,0x0000000610ab8118,0x0000000623d00000)
 PSPermGen       total 21504K, used 11417K [0x0000000604c00000, 0x0000000606100000, 0x000000060f200000)
  object space 21504K, 53% used [0x0000000604c00000,0x0000000605726580,0x0000000606100000)
}
Event: 204.370 GC heap before
{Heap before GC invocations=40 (full 0):
 PSYoungGen      total 77312K, used 76780K [0x000000075a600000, 0x0000000760480000, 0x0000000800000000)
  eden space 68096K, 99% used [0x000000075a600000,0x000000075e8768a0,0x000000075e880000)
  from space 9216K, 94% used [0x000000075e980000,0x000000075f204b18,0x000000075f280000)
  to   space 14336K, 0% used [0x000000075f680000,0x000000075f680000,0x0000000760480000)
 ParOldGen       total 338944K, used 25312K [0x000000060f200000, 0x0000000623d00000, 0x000000075a600000)
  object space 338944K, 7% used [0x000000060f200000,0x0000000610ab8118,0x0000000623d00000)
 PSPermGen       total 21504K, used 11418K [0x0000000604c00000, 0x0000000606100000, 0x000000060f200000)
  object space 21504K, 53% used [0x0000000604c00000,0x0000000605726b80,0x0000000606100000)
Event: 204.374 GC heap after
Heap after GC invocations=40 (full 0):
 PSYoungGen      total 81408K, used 11206K [0x000000075a600000, 0x0000000760480000, 0x0000000800000000)
  eden space 67072K, 0% used [0x000000075a600000,0x000000075a600000,0x000000075e780000)
  from space 14336K, 78% used [0x000000075f680000,0x0000000760171b80,0x0000000760480000)
  to   space 14848K, 0% used [0x000000075e780000,0x000000075e780000,0x000000075f600000)
 ParOldGen       total 338944K, used 30112K [0x000000060f200000, 0x0000000623d00000, 0x000000075a600000)
  object space 338944K, 8% used [0x000000060f200000,0x0000000610f68130,0x0000000623d00000)
 PSPermGen       total 21504K, used 11418K [0x0000000604c00000, 0x0000000606100000, 0x000000060f200000)
  object space 21504K, 53% used [0x0000000604c00000,0x0000000605726b80,0x0000000606100000)
}
Event: 208.363 GC heap before
{Heap before GC invocations=41 (full 0):
 PSYoungGen      total 81408K, used 78256K [0x000000075a600000, 0x0000000760480000, 0x0000000800000000)
  eden space 67072K, 99% used [0x000000075a600000,0x000000075e77a4e0,0x000000075e780000)
  from space 14336K, 78% used [0x000000075f680000,0x0000000760171b80,0x0000000760480000)
  to   space 14848K, 0% used [0x000000075e780000,0x000000075e780000,0x000000075f600000)
 ParOldGen       total 338944K, used 30112K [0x000000060f200000, 0x0000000623d00000, 0x000000075a600000)
  object space 338944K, 8% used [0x000000060f200000,0x0000000610f68130,0x0000000623d00000)
 PSPermGen       total 21504K, used 11419K [0x0000000604c00000, 0x0000000606100000, 0x000000060f200000)
  object space 21504K, 53% used [0x0000000604c00000,0x0000000605726d78,0x0000000606100000)
Event: 208.365 GC heap after
Heap after GC invocations=41 (full 0):
 PSYoungGen      total 71680K, used 5210K [0x000000075a600000, 0x0000000760380000, 0x0000000800000000)
  eden space 66048K, 0% used [0x000000075a600000,0x000000075a600000,0x000000075e680000)
  from space 5632K, 92% used [0x000000075e780000,0x000000075ec96898,0x000000075ed00000)
  to   space 14848K, 0% used [0x000000075f500000,0x000000075f500000,0x0000000760380000)
 ParOldGen       total 338944K, used 30112K [0x000000060f200000, 0x0000000623d00000, 0x000000075a600000)
  object space 338944K, 8% used [0x000000060f200000,0x0000000610f68130,0x0000000623d00000)
 PSPermGen       total 21504K, used 11419K [0x0000000604c00000, 0x0000000606100000, 0x000000060f200000)
  object space 21504K, 53% used [0x0000000604c00000,0x0000000605726d78,0x0000000606100000)
}
Event: 211.708 GC heap before
{Heap before GC invocations=42 (full 0):
 PSYoungGen      total 71680K, used 71258K [0x000000075a600000, 0x0000000760380000, 0x0000000800000000)
  eden space 66048K, 100% used [0x000000075a600000,0x000000075e680000,0x000000075e680000)
  from space 5632K, 92% used [0x000000075e780000,0x000000075ec96898,0x000000075ed00000)
  to   space 14848K, 0% used [0x000000075f500000,0x000000075f500000,0x0000000760380000)
 ParOldGen       total 338944K, used 30112K [0x000000060f200000, 0x0000000623d00000, 0x000000075a600000)
  object space 338944K, 8% used [0x000000060f200000,0x0000000610f68130,0x0000000623d00000)
 PSPermGen       total 21504K, used 11419K [0x0000000604c00000, 0x0000000606100000, 0x000000060f200000)
  object space 21504K, 53% used [0x0000000604c00000,0x0000000605726d78,0x0000000606100000)
Event: 211.710 GC heap after
Heap after GC invocations=42 (full 0):
 PSYoungGen      total 78848K, used 9519K [0x000000075a600000, 0x0000000760280000, 0x0000000800000000)
  eden space 65024K, 0% used [0x000000075a600000,0x000000075a600000,0x000000075e580000)
  from space 13824K, 68% used [0x000000075f500000,0x000000075fe4bf98,0x0000000760280000)
  to   space 14848K, 0% used [0x000000075e580000,0x000000075e580000,0x000000075f400000)
 ParOldGen       total 338944K, used 30112K [0x000000060f200000, 0x0000000623d00000, 0x000000075a600000)
  object space 338944K, 8% used [0x000000060f200000,0x0000000610f68130,0x0000000623d00000)
 PSPermGen       total 21504K, used 11419K [0x0000000604c00000, 0x0000000606100000, 0x000000060f200000)
  object space 21504K, 53% used [0x0000000604c00000,0x0000000605726d78,0x0000000606100000)
}

