# JRE version: OpenJDK Runtime Environment (7.0_121) (build 1.7.0_121-b00)
# Java VM: OpenJDK 64-Bit Server VM (24.121-b00 mixed mode linux-amd64 compressed oops)
Heap
 PSYoungGen      total 74752K, used 54878K [0x000000075a600000, 0x0000000760b00000, 0x0000000800000000)
  eden space 65536K, 70% used [0x000000075a600000,0x000000075d30a3c8,0x000000075e600000)
  from space 9216K, 95% used [0x000000075e700000,0x000000075ef8d7a8,0x000000075f000000)
  to   space 18944K, 0% used [0x000000075f880000,0x000000075f880000,0x0000000760b00000)
 ParOldGen       total 338944K, used 10924K [0x000000060f200000, 0x0000000623d00000, 0x000000075a600000)
  object space 338944K, 3% used [0x000000060f200000,0x000000060fcab0e0,0x0000000623d00000)
 PSPermGen       total 21504K, used 11568K [0x0000000604c00000, 0x0000000606100000, 0x000000060f200000)
  object space 21504K, 53% used [0x0000000604c00000,0x000000060574c1c0,0x0000000606100000)
GC Heap History (10 events):
Event: 99.486 GC heap before
{Heap before GC invocations=37 (full 0):
 PSYoungGen      total 91648K, used 74163K [0x000000075a600000, 0x0000000761700000, 0x0000000800000000)
  eden space 70656K, 97% used [0x000000075a600000,0x000000075e95cc30,0x000000075eb00000)
  from space 20992K, 24% used [0x0000000760280000,0x0000000760790148,0x0000000761700000)
  to   space 22528K, 0% used [0x000000075eb00000,0x000000075eb00000,0x0000000760100000)
 ParOldGen       total 338944K, used 10924K [0x000000060f200000, 0x0000000623d00000, 0x000000075a600000)
  object space 338944K, 3% used [0x000000060f200000,0x000000060fcab0e0,0x0000000623d00000)
 PSPermGen       total 21504K, used 11566K [0x0000000604c00000, 0x0000000606100000, 0x000000060f200000)
  object space 21504K, 53% used [0x0000000604c00000,0x000000060574bac0,0x0000000606100000)
Event: 99.488 GC heap after
Heap after GC invocations=37 (full 0):
 PSYoungGen      total 78848K, used 8773K [0x000000075a600000, 0x0000000761500000, 0x0000000800000000)
  eden space 69632K, 0% used [0x000000075a600000,0x000000075a600000,0x000000075ea00000)
  from space 9216K, 95% used [0x000000075eb00000,0x000000075f391728,0x000000075f400000)
  to   space 22016K, 0% used [0x000000075ff80000,0x000000075ff80000,0x0000000761500000)
 ParOldGen       total 338944K, used 10924K [0x000000060f200000, 0x0000000623d00000, 0x000000075a600000)
  object space 338944K, 3% used [0x000000060f200000,0x000000060fcab0e0,0x0000000623d00000)
 PSPermGen       total 21504K, used 11566K [0x0000000604c00000, 0x0000000606100000, 0x000000060f200000)
  object space 21504K, 53% used [0x0000000604c00000,0x000000060574bac0,0x0000000606100000)
}
Event: 101.150 GC heap before
{Heap before GC invocations=38 (full 0):
 PSYoungGen      total 78848K, used 74599K [0x000000075a600000, 0x0000000761500000, 0x0000000800000000)
  eden space 69632K, 94% used [0x000000075a600000,0x000000075e6487e8,0x000000075ea00000)
  from space 9216K, 95% used [0x000000075eb00000,0x000000075f391728,0x000000075f400000)
  to   space 22016K, 0% used [0x000000075ff80000,0x000000075ff80000,0x0000000761500000)
 ParOldGen       total 338944K, used 10924K [0x000000060f200000, 0x0000000623d00000, 0x000000075a600000)
  object space 338944K, 3% used [0x000000060f200000,0x000000060fcab0e0,0x0000000623d00000)
 PSPermGen       total 21504K, used 11566K [0x0000000604c00000, 0x0000000606100000, 0x000000060f200000)
  object space 21504K, 53% used [0x0000000604c00000,0x000000060574bac0,0x0000000606100000)
Event: 101.152 GC heap after
Heap after GC invocations=38 (full 0):
 PSYoungGen      total 87552K, used 8777K [0x000000075a600000, 0x0000000761200000, 0x0000000800000000)
  eden space 68608K, 0% used [0x000000075a600000,0x000000075a600000,0x000000075e900000)
  from space 18944K, 46% used [0x000000075ff80000,0x0000000760812718,0x0000000761200000)
  to   space 20992K, 0% used [0x000000075e900000,0x000000075e900000,0x000000075fd80000)
 ParOldGen       total 338944K, used 10924K [0x000000060f200000, 0x0000000623d00000, 0x000000075a600000)
  object space 338944K, 3% used [0x000000060f200000,0x000000060fcab0e0,0x0000000623d00000)
 PSPermGen       total 21504K, used 11566K [0x0000000604c00000, 0x0000000606100000, 0x000000060f200000)
  object space 21504K, 53% used [0x0000000604c00000,0x000000060574bac0,0x0000000606100000)
}
Event: 102.820 GC heap before
{Heap before GC invocations=39 (full 0):
 PSYoungGen      total 87552K, used 73989K [0x000000075a600000, 0x0000000761200000, 0x0000000800000000)
  eden space 68608K, 95% used [0x000000075a600000,0x000000075e5aee48,0x000000075e900000)
  from space 18944K, 46% used [0x000000075ff80000,0x0000000760812718,0x0000000761200000)
  to   space 20992K, 0% used [0x000000075e900000,0x000000075e900000,0x000000075fd80000)
 ParOldGen       total 338944K, used 10924K [0x000000060f200000, 0x0000000623d00000, 0x000000075a600000)
  object space 338944K, 3% used [0x000000060f200000,0x000000060fcab0e0,0x0000000623d00000)
 PSPermGen       total 21504K, used 11566K [0x0000000604c00000, 0x0000000606100000, 0x000000060f200000)
  object space 21504K, 53% used [0x0000000604c00000,0x000000060574bb90,0x0000000606100000)
Event: 102.822 GC heap after
Heap after GC invocations=39 (full 0):
 PSYoungGen      total 76800K, used 8781K [0x000000075a600000, 0x0000000761000000, 0x0000000800000000)
  eden space 67584K, 0% used [0x000000075a600000,0x000000075a600000,0x000000075e800000)
  from space 9216K, 95% used [0x000000075e900000,0x000000075f193708,0x000000075f200000)
  to   space 20480K, 0% used [0x000000075fc00000,0x000000075fc00000,0x0000000761000000)
 ParOldGen       total 338944K, used 10924K [0x000000060f200000, 0x0000000623d00000, 0x000000075a600000)
  object space 338944K, 3% used [0x000000060f200000,0x000000060fcab0e0,0x0000000623d00000)
 PSPermGen       total 21504K, used 11566K [0x0000000604c00000, 0x0000000606100000, 0x000000060f200000)
  object space 21504K, 53% used [0x0000000604c00000,0x000000060574bb90,0x0000000606100000)
}
Event: 104.488 GC heap before
{Heap before GC invocations=40 (full 0):
 PSYoungGen      total 76800K, used 72576K [0x000000075a600000, 0x0000000761000000, 0x0000000800000000)
  eden space 67584K, 94% used [0x000000075a600000,0x000000075e44c960,0x000000075e800000)
  from space 9216K, 95% used [0x000000075e900000,0x000000075f193708,0x000000075f200000)
  to   space 20480K, 0% used [0x000000075fc00000,0x000000075fc00000,0x0000000761000000)
 ParOldGen       total 338944K, used 10924K [0x000000060f200000, 0x0000000623d00000, 0x000000075a600000)
  object space 338944K, 3% used [0x000000060f200000,0x000000060fcab0e0,0x0000000623d00000)
 PSPermGen       total 21504K, used 11567K [0x0000000604c00000, 0x0000000606100000, 0x000000060f200000)
  object space 21504K, 53% used [0x0000000604c00000,0x000000060574bf58,0x0000000606100000)
Event: 104.490 GC heap after
Heap after GC invocations=40 (full 0):
 PSYoungGen      total 83968K, used 8785K [0x000000075a600000, 0x0000000760d00000, 0x0000000800000000)
  eden space 66560K, 0% used [0x000000075a600000,0x000000075a600000,0x000000075e700000)
  from space 17408K, 50% used [0x000000075fc00000,0x00000007604946f8,0x0000000760d00000)
  to   space 19456K, 0% used [0x000000075e700000,0x000000075e700000,0x000000075fa00000)
 ParOldGen       total 338944K, used 10924K [0x000000060f200000, 0x0000000623d00000, 0x000000075a600000)
  object space 338944K, 3% used [0x000000060f200000,0x000000060fcab0e0,0x0000000623d00000)
 PSPermGen       total 21504K, used 11567K [0x0000000604c00000, 0x0000000606100000, 0x000000060f200000)
  object space 21504K, 53% used [0x0000000604c00000,0x000000060574bf58,0x0000000606100000)
}
Event: 106.151 GC heap before
{Heap before GC invocations=41 (full 0):
 PSYoungGen      total 83968K, used 73442K [0x000000075a600000, 0x0000000760d00000, 0x0000000800000000)
  eden space 66560K, 97% used [0x000000075a600000,0x000000075e524288,0x000000075e700000)
  from space 17408K, 50% used [0x000000075fc00000,0x00000007604946f8,0x0000000760d00000)
  to   space 19456K, 0% used [0x000000075e700000,0x000000075e700000,0x000000075fa00000)
 ParOldGen       total 338944K, used 10924K [0x000000060f200000, 0x0000000623d00000, 0x000000075a600000)
  object space 338944K, 3% used [0x000000060f200000,0x000000060fcab0e0,0x0000000623d00000)
 PSPermGen       total 21504K, used 11567K [0x0000000604c00000, 0x0000000606100000, 0x000000060f200000)
  object space 21504K, 53% used [0x0000000604c00000,0x000000060574bf58,0x0000000606100000)
Event: 106.153 GC heap after
Heap after GC invocations=41 (full 0):
 PSYoungGen      total 74752K, used 8757K [0x000000075a600000, 0x0000000760b00000, 0x0000000800000000)
  eden space 65536K, 0% used [0x000000075a600000,0x000000075a600000,0x000000075e600000)
  from space 9216K, 95% used [0x000000075e700000,0x000000075ef8d7a8,0x000000075f000000)
  to   space 18944K, 0% used [0x000000075f880000,0x000000075f880000,0x0000000760b00000)
 ParOldGen       total 338944K, used 10924K [0x000000060f200000, 0x0000000623d00000, 0x000000075a600000)
  object space 338944K, 3% used [0x000000060f200000,0x000000060fcab0e0,0x0000000623d00000)
 PSPermGen       total 21504K, used 11567K [0x0000000604c00000, 0x0000000606100000, 0x000000060f200000)
  object space 21504K, 53% used [0x0000000604c00000,0x000000060574bf58,0x0000000606100000)
}

