# JRE version: OpenJDK Runtime Environment (7.0_121) (build 1.7.0_121-b00)
# Java VM: OpenJDK 64-Bit Server VM (24.121-b00 mixed mode linux-amd64 compressed oops)
Heap
 PSYoungGen      total 148992K, used 70001K [0x000000075a600000, 0x0000000764c00000, 0x0000000800000000)
  eden space 128000K, 45% used [0x000000075a600000,0x000000075dea7dd8,0x0000000762300000)
  from space 20992K, 57% used [0x0000000763780000,0x0000000764334688,0x0000000764c00000)
  to   space 20992K, 0% used [0x0000000762300000,0x0000000762300000,0x0000000763780000)
 ParOldGen       total 338944K, used 16K [0x000000060f200000, 0x0000000623d00000, 0x000000075a600000)
  object space 338944K, 0% used [0x000000060f200000,0x000000060f204000,0x0000000623d00000)
 PSPermGen       total 21504K, used 11166K [0x0000000604c00000, 0x0000000606100000, 0x000000060f200000)
  object space 21504K, 51% used [0x0000000604c00000,0x00000006056e7a10,0x0000000606100000)
GC Heap History (4 events):
Event: 17.098 GC heap before
{Heap before GC invocations=1 (full 0):
 PSYoungGen      total 148992K, used 126719K [0x000000075a600000, 0x0000000764c00000, 0x0000000800000000)
  eden space 128000K, 98% used [0x000000075a600000,0x00000007621bfd78,0x0000000762300000)
  from space 20992K, 0% used [0x0000000763780000,0x0000000763780000,0x0000000764c00000)
  to   space 20992K, 0% used [0x0000000762300000,0x0000000762300000,0x0000000763780000)
 ParOldGen       total 338944K, used 0K [0x000000060f200000, 0x0000000623d00000, 0x000000075a600000)
  object space 338944K, 0% used [0x000000060f200000,0x000000060f200000,0x0000000623d00000)
 PSPermGen       total 21504K, used 11117K [0x0000000604c00000, 0x0000000606100000, 0x000000060f200000)
  object space 21504K, 51% used [0x0000000604c00000,0x00000006056db4c0,0x0000000606100000)
Event: 17.103 GC heap after
Heap after GC invocations=1 (full 0):
 PSYoungGen      total 148992K, used 9092K [0x000000075a600000, 0x0000000764c00000, 0x0000000800000000)
  eden space 128000K, 0% used [0x000000075a600000,0x000000075a600000,0x0000000762300000)
  from space 20992K, 43% used [0x0000000762300000,0x0000000762be1158,0x0000000763780000)
  to   space 20992K, 0% used [0x0000000763780000,0x0000000763780000,0x0000000764c00000)
 ParOldGen       total 338944K, used 8K [0x000000060f200000, 0x0000000623d00000, 0x000000075a600000)
  object space 338944K, 0% used [0x000000060f200000,0x000000060f202000,0x0000000623d00000)
 PSPermGen       total 21504K, used 11117K [0x0000000604c00000, 0x0000000606100000, 0x000000060f200000)
  object space 21504K, 51% used [0x0000000604c00000,0x00000006056db4c0,0x0000000606100000)
}
Event: 33.099 GC heap before
{Heap before GC invocations=2 (full 0):
 PSYoungGen      total 148992K, used 137054K [0x000000075a600000, 0x0000000764c00000, 0x0000000800000000)
  eden space 128000K, 99% used [0x000000075a600000,0x00000007622f66f0,0x0000000762300000)
  from space 20992K, 43% used [0x0000000762300000,0x0000000762be1158,0x0000000763780000)
  to   space 20992K, 0% used [0x0000000763780000,0x0000000763780000,0x0000000764c00000)
 ParOldGen       total 338944K, used 8K [0x000000060f200000, 0x0000000623d00000, 0x000000075a600000)
  object space 338944K, 0% used [0x000000060f200000,0x000000060f202000,0x0000000623d00000)
 PSPermGen       total 21504K, used 11147K [0x0000000604c00000, 0x0000000606100000, 0x000000060f200000)
  object space 21504K, 51% used [0x0000000604c00000,0x00000006056e2d78,0x0000000606100000)
Event: 33.103 GC heap after
Heap after GC invocations=2 (full 0):
 PSYoungGen      total 148992K, used 11985K [0x000000075a600000, 0x0000000764c00000, 0x0000000800000000)
  eden space 128000K, 0% used [0x000000075a600000,0x000000075a600000,0x0000000762300000)
  from space 20992K, 57% used [0x0000000763780000,0x0000000764334688,0x0000000764c00000)
  to   space 20992K, 0% used [0x0000000762300000,0x0000000762300000,0x0000000763780000)
 ParOldGen       total 338944K, used 16K [0x000000060f200000, 0x0000000623d00000, 0x000000075a600000)
  object space 338944K, 0% used [0x000000060f200000,0x000000060f204000,0x0000000623d00000)
 PSPermGen       total 21504K, used 11147K [0x0000000604c00000, 0x0000000606100000, 0x000000060f200000)
  object space 21504K, 51% used [0x0000000604c00000,0x00000006056e2d78,0x0000000606100000)
}

